Setup Used:              New ESRI Shapefile
Export Format:           ESRI Shapefile
Data Type:               Features
Feature Selection:       Export All Features
Not In Feature Positions:Not Used
Export Notes:            No
Export Velocity Records: No
Export Sensor Records:   No
Export Menu Attribute As:Attribute Value
Generated Attributes:    None
Position Filter Details: 
Filter By:               GNSS Criteria
Maximum PDOP:            Any
Maximum HDOP:            Any
Min Number Of SVs:       2D (3 or more measurements)
Uncorrected:             No
P(Y) Code:               Yes
Real-time SBAS:          Yes
Real-time Code:          Yes
Postprocessed Code:      Yes
Real-time Carrier:       Yes
Postprocessed Carrier Float:Yes
RTK Fixed:               Yes
Postprocessed Carrier Fixed:Yes
Non-GNSS:                Yes
Coordinate System:       Lat/Long
Datum:                   WGS 1984
Altitude Units:          Meters
Altitude Reference:      MSL
Geoid Model:             EGM96 (Global)
Distance Units:          Meters
Area Units:              Square Meters
Velocity Units:          Meters Per Second
Precision Units:         Meters
                         
Data Dictionary
---------------
Point - Point Feature
    system_ind - String, Length = 30
Point_1 - Point Feature
Point_2 - Point Feature
Point_3 - Point Feature
Point_4 - Point Feature
Point_5 - Point Feature
Point_6 - Point Feature
Start here - Point Feature
Untitled Placemark - Point Feature
Untitled Placemark3 - Point Feature
Untitled Placemark4 - Point Feature
Point_generic - Point Feature
    Comment - String, Length = 32
Line_generic - Line Feature
    Comment - String, Length = 32
Area_generic - Area Feature
    Comment - String, Length = 32
Point_10 - Point Feature
Point_11 - Point Feature
Point_12 - Point Feature
Point_13 - Point Feature
Point_14 - Point Feature
Point_15 - Point Feature
Point_16 - Point Feature
Point_17 - Point Feature
Point_18 - Point Feature
Point_19 - Point Feature
Point_20 - Point Feature
Point_21 - Point Feature
Point_7 - Point Feature
Point_8 - Point Feature
Point_9 - Point Feature
